# JRE version: Java(TM) SE Runtime Environment (11.0.1+13) (build 11.0.1+13-LTS)
# Java VM: Java HotSpot(TM) 64-Bit Server VM (11.0.1+13-LTS, mixed mode, tiered, compressed oops, g1 gc, windows-amd64)
Heap:
 garbage-first heap   total 260096K, used 108372K [0x0000000702000000, 0x0000000800000000)
  region size 1024K, 82 young (83968K), 13 survivors (13312K)
 Metaspace       used 13774K, capacity 14092K, committed 14336K, reserved 1062912K
  class space    used 1118K, capacity 1216K, committed 1280K, reserved 1048576K
GC Heap History (10 events):
Event: 5.615 GC heap before
{Heap before GC invocations=2 (full 0):
 garbage-first heap   total 260096K, used 167720K [0x0000000702000000, 0x0000000800000000)
  region size 1024K, 152 young (155648K), 7 survivors (7168K)
 Metaspace       used 13578K, capacity 13835K, committed 14080K, reserved 1062912K
  class space    used 1117K, capacity 1216K, committed 1280K, reserved 1048576K
}
Event: 5.634 GC heap after
{Heap after GC invocations=3 (full 0):
 garbage-first heap   total 260096K, used 25133K [0x0000000702000000, 0x0000000800000000)
  region size 1024K, 19 young (19456K), 19 survivors (19456K)
 Metaspace       used 13578K, capacity 13835K, committed 14080K, reserved 1062912K
  class space    used 1117K, capacity 1216K, committed 1280K, reserved 1048576K
}
Event: 5.814 GC heap before
{Heap before GC invocations=3 (full 0):
 garbage-first heap   total 260096K, used 93741K [0x0000000702000000, 0x0000000800000000)
  region size 1024K, 83 young (84992K), 19 survivors (19456K)
 Metaspace       used 13641K, capacity 13899K, committed 14080K, reserved 1062912K
  class space    used 1117K, capacity 1216K, committed 1280K, reserved 1048576K
}
Event: 5.829 GC heap after
{Heap after GC invocations=4 (full 0):
 garbage-first heap   total 260096K, used 26432K [0x0000000702000000, 0x0000000800000000)
  region size 1024K, 7 young (7168K), 7 survivors (7168K)
 Metaspace       used 13641K, capacity 13899K, committed 14080K, reserved 1062912K
  class space    used 1117K, capacity 1216K, committed 1280K, reserved 1048576K
}
Event: 6.189 GC heap before
{Heap before GC invocations=4 (full 0):
 garbage-first heap   total 260096K, used 115520K [0x0000000702000000, 0x0000000800000000)
  region size 1024K, 93 young (95232K), 7 survivors (7168K)
 Metaspace       used 13723K, capacity 13963K, committed 14080K, reserved 1062912K
  class space    used 1118K, capacity 1216K, committed 1280K, reserved 1048576K
}
Event: 6.193 GC heap after
{Heap after GC invocations=5 (full 0):
 garbage-first heap   total 260096K, used 29402K [0x0000000702000000, 0x0000000800000000)
  region size 1024K, 10 young (10240K), 10 survivors (10240K)
 Metaspace       used 13723K, capacity 13963K, committed 14080K, reserved 1062912K
  class space    used 1118K, capacity 1216K, committed 1280K, reserved 1048576K
}
Event: 6.440 GC heap before
{Heap before GC invocations=5 (full 0):
 garbage-first heap   total 260096K, used 144090K [0x0000000702000000, 0x0000000800000000)
  region size 1024K, 117 young (119808K), 10 survivors (10240K)
 Metaspace       used 13733K, capacity 13963K, committed 14080K, reserved 1062912K
  class space    used 1118K, capacity 1216K, committed 1280K, reserved 1048576K
}
Event: 6.449 GC heap after
{Heap after GC invocations=6 (full 0):
 garbage-first heap   total 260096K, used 32609K [0x0000000702000000, 0x0000000800000000)
  region size 1024K, 12 young (12288K), 12 survivors (12288K)
 Metaspace       used 13733K, capacity 13963K, committed 14080K, reserved 1062912K
  class space    used 1118K, capacity 1216K, committed 1280K, reserved 1048576K
}
Event: 7.185 GC heap before
{Heap before GC invocations=6 (full 0):
 garbage-first heap   total 260096K, used 182113K [0x0000000702000000, 0x0000000800000000)
  region size 1024K, 153 young (156672K), 12 survivors (12288K)
 Metaspace       used 13768K, capacity 14092K, committed 14336K, reserved 1062912K
  class space    used 1118K, capacity 1216K, committed 1280K, reserved 1048576K
}
Event: 7.193 GC heap after
{Heap after GC invocations=7 (full 0):
 garbage-first heap   total 260096K, used 35668K [0x0000000702000000, 0x0000000800000000)
  region size 1024K, 13 young (13312K), 13 survivors (13312K)
 Metaspace       used 13768K, capacity 14092K, committed 14336K, reserved 1062912K
  class space    used 1118K, capacity 1216K, committed 1280K, reserved 1048576K
}

