# JRE version: Java(TM) SE Runtime Environment (11.0.1+13) (build 11.0.1+13-LTS)
# Java VM: Java HotSpot(TM) 64-Bit Server VM (11.0.1+13-LTS, mixed mode, tiered, compressed oops, g1 gc, windows-amd64)
Heap:
 garbage-first heap   total 452608K, used 107258K [0x0000000702000000, 0x0000000800000000)
  region size 1024K, 13 young (13312K), 13 survivors (13312K)
 Metaspace       used 14882K, capacity 15120K, committed 15488K, reserved 1062912K
  class space    used 1222K, capacity 1282K, committed 1408K, reserved 1048576K
GC Heap History (10 events):
Event: 36.269 GC heap after
{Heap after GC invocations=19 (full 0):
 garbage-first heap   total 313344K, used 90351K [0x0000000702000000, 0x0000000800000000)
  region size 1024K, 13 young (13312K), 13 survivors (13312K)
 Metaspace       used 14831K, capacity 15056K, committed 15232K, reserved 1062912K
  class space    used 1222K, capacity 1282K, committed 1408K, reserved 1048576K
}
Event: 36.811 GC heap before
{Heap before GC invocations=19 (full 0):
 garbage-first heap   total 313344K, used 267503K [0x0000000702000000, 0x0000000800000000)
  region size 1024K, 175 young (179200K), 13 survivors (13312K)
 Metaspace       used 14843K, capacity 15120K, committed 15488K, reserved 1062912K
  class space    used 1222K, capacity 1282K, committed 1408K, reserved 1048576K
}
Event: 36.822 GC heap after
{Heap after GC invocations=20 (full 0):
 garbage-first heap   total 376832K, used 91891K [0x0000000702000000, 0x0000000800000000)
  region size 1024K, 13 young (13312K), 13 survivors (13312K)
 Metaspace       used 14843K, capacity 15120K, committed 15488K, reserved 1062912K
  class space    used 1222K, capacity 1282K, committed 1408K, reserved 1048576K
}
Event: 37.442 GC heap before
{Heap before GC invocations=20 (full 0):
 garbage-first heap   total 376832K, used 302835K [0x0000000702000000, 0x0000000800000000)
  region size 1024K, 207 young (211968K), 13 survivors (13312K)
 Metaspace       used 14862K, capacity 15120K, committed 15488K, reserved 1062912K
  class space    used 1222K, capacity 1282K, committed 1408K, reserved 1048576K
}
Event: 37.455 GC heap after
{Heap after GC invocations=21 (full 0):
 garbage-first heap   total 376832K, used 94451K [0x0000000702000000, 0x0000000800000000)
  region size 1024K, 16 young (16384K), 16 survivors (16384K)
 Metaspace       used 14862K, capacity 15120K, committed 15488K, reserved 1062912K
  class space    used 1222K, capacity 1282K, committed 1408K, reserved 1048576K
}
Event: 38.483 GC heap before
{Heap before GC invocations=21 (full 0):
 garbage-first heap   total 376832K, used 322803K [0x0000000702000000, 0x0000000800000000)
  region size 1024K, 220 young (225280K), 16 survivors (16384K)
 Metaspace       used 14881K, capacity 15120K, committed 15488K, reserved 1062912K
  class space    used 1222K, capacity 1282K, committed 1408K, reserved 1048576K
}
Event: 38.497 GC heap after
{Heap after GC invocations=22 (full 0):
 garbage-first heap   total 376832K, used 100332K [0x0000000702000000, 0x0000000800000000)
  region size 1024K, 21 young (21504K), 21 survivors (21504K)
 Metaspace       used 14881K, capacity 15120K, committed 15488K, reserved 1062912K
  class space    used 1222K, capacity 1282K, committed 1408K, reserved 1048576K
}
Event: 39.320 GC heap before
{Heap before GC invocations=22 (full 0):
 garbage-first heap   total 376832K, used 302060K [0x0000000702000000, 0x0000000800000000)
  region size 1024K, 213 young (218112K), 21 survivors (21504K)
 Metaspace       used 14881K, capacity 15120K, committed 15488K, reserved 1062912K
  class space    used 1222K, capacity 1282K, committed 1408K, reserved 1048576K
}
Event: 39.331 GC heap after
{Heap after GC invocations=23 (full 0):
 garbage-first heap   total 376832K, used 104930K [0x0000000702000000, 0x0000000800000000)
  region size 1024K, 11 young (11264K), 11 survivors (11264K)
 Metaspace       used 14881K, capacity 15120K, committed 15488K, reserved 1062912K
  class space    used 1222K, capacity 1282K, committed 1408K, reserved 1048576K
}
Event: 39.989 GC heap before
{Heap before GC invocations=23 (full 0):
 garbage-first heap   total 376832K, used 307682K [0x0000000702000000, 0x0000000800000000)
  region size 1024K, 202 young (206848K), 11 survivors (11264K)
 Metaspace       used 14882K, capacity 15120K, committed 15488K, reserved 1062912K
  class space    used 1222K, capacity 1282K, committed 1408K, reserved 1048576K
}

