# JRE version: Java(TM) SE Runtime Environment (11.0.1+13) (build 11.0.1+13-LTS)
# Java VM: Java HotSpot(TM) 64-Bit Server VM (11.0.1+13-LTS, mixed mode, tiered, compressed oops, g1 gc, windows-amd64)
Heap:
 garbage-first heap   total 400384K, used 102666K [0x0000000702000000, 0x0000000800000000)
  region size 1024K, 12 young (12288K), 12 survivors (12288K)
 Metaspace       used 14859K, capacity 15119K, committed 15488K, reserved 1062912K
  class space    used 1220K, capacity 1282K, committed 1408K, reserved 1048576K
GC Heap History (10 events):
Event: 19.669 GC heap after
{Heap after GC invocations=16 (full 0):
 garbage-first heap   total 260096K, used 76693K [0x0000000702000000, 0x0000000800000000)
  region size 1024K, 11 young (11264K), 11 survivors (11264K)
 Metaspace       used 14788K, capacity 14991K, committed 15232K, reserved 1062912K
  class space    used 1220K, capacity 1282K, committed 1408K, reserved 1048576K
}
Event: 19.811 GC heap before
{Heap before GC invocations=16 (full 0):
 garbage-first heap   total 260096K, used 211861K [0x0000000702000000, 0x0000000800000000)
  region size 1024K, 142 young (145408K), 11 survivors (11264K)
 Metaspace       used 14792K, capacity 14991K, committed 15232K, reserved 1062912K
  class space    used 1220K, capacity 1282K, committed 1408K, reserved 1048576K
}
Event: 19.821 GC heap after
{Heap after GC invocations=17 (full 0):
 garbage-first heap   total 312320K, used 81542K [0x0000000702000000, 0x0000000800000000)
  region size 1024K, 13 young (13312K), 13 survivors (13312K)
 Metaspace       used 14792K, capacity 14991K, committed 15232K, reserved 1062912K
  class space    used 1220K, capacity 1282K, committed 1408K, reserved 1048576K
}
Event: 20.177 GC heap before
{Heap before GC invocations=17 (full 0):
 garbage-first heap   total 312320K, used 263814K [0x0000000702000000, 0x0000000800000000)
  region size 1024K, 180 young (184320K), 13 survivors (13312K)
 Metaspace       used 14803K, capacity 14991K, committed 15232K, reserved 1062912K
  class space    used 1220K, capacity 1282K, committed 1408K, reserved 1048576K
}
Event: 20.186 GC heap after
{Heap after GC invocations=18 (full 0):
 garbage-first heap   total 312320K, used 84610K [0x0000000702000000, 0x0000000800000000)
  region size 1024K, 13 young (13312K), 13 survivors (13312K)
 Metaspace       used 14803K, capacity 14991K, committed 15232K, reserved 1062912K
  class space    used 1220K, capacity 1282K, committed 1408K, reserved 1048576K
}
Event: 20.423 GC heap before
{Heap before GC invocations=18 (full 0):
 garbage-first heap   total 312320K, used 261762K [0x0000000702000000, 0x0000000800000000)
  region size 1024K, 171 young (175104K), 13 survivors (13312K)
 Metaspace       used 14832K, capacity 15119K, committed 15488K, reserved 1062912K
  class space    used 1220K, capacity 1282K, committed 1408K, reserved 1048576K
}
Event: 20.432 GC heap after
{Heap after GC invocations=19 (full 0):
 garbage-first heap   total 312320K, used 88948K [0x0000000702000000, 0x0000000800000000)
  region size 1024K, 15 young (15360K), 15 survivors (15360K)
 Metaspace       used 14832K, capacity 15119K, committed 15488K, reserved 1062912K
  class space    used 1220K, capacity 1282K, committed 1408K, reserved 1048576K
}
Event: 20.794 GC heap before
{Heap before GC invocations=19 (full 0):
 garbage-first heap   total 312320K, used 265076K [0x0000000702000000, 0x0000000800000000)
  region size 1024K, 177 young (181248K), 15 survivors (15360K)
 Metaspace       used 14859K, capacity 15119K, committed 15488K, reserved 1062912K
  class space    used 1220K, capacity 1282K, committed 1408K, reserved 1048576K
}
Event: 20.803 GC heap after
{Heap after GC invocations=20 (full 0):
 garbage-first heap   total 312320K, used 92736K [0x0000000702000000, 0x0000000800000000)
  region size 1024K, 12 young (12288K), 12 survivors (12288K)
 Metaspace       used 14859K, capacity 15119K, committed 15488K, reserved 1062912K
  class space    used 1220K, capacity 1282K, committed 1408K, reserved 1048576K
}
Event: 21.040 GC heap before
{Heap before GC invocations=20 (full 0):
 garbage-first heap   total 312320K, used 253504K [0x0000000702000000, 0x0000000800000000)
  region size 1024K, 162 young (165888K), 12 survivors (12288K)
 Metaspace       used 14859K, capacity 15119K, committed 15488K, reserved 1062912K
  class space    used 1220K, capacity 1282K, committed 1408K, reserved 1048576K
}

